[INFO] Scanning for projects...
[INFO] 
[INFO] -----------------< de.travelbroker:travel-broker-saga >-----------------
[INFO] Building travel-broker-saga 1.0-SNAPSHOT
[INFO]   from pom.xml
[INFO] --------------------------------[ jar ]---------------------------------
[INFO] 
[INFO] --- exec:3.1.0:java (default-cli) @ travel-broker-saga ---
[WARNING] 
org.zeromq.ZMQException: Errno 48
    at org.zeromq.ZMQ$Socket.mayRaise (ZMQ.java:3901)
    at org.zeromq.ZMQ$Socket.bind (ZMQ.java:3176)
    at de.travelbroker.client.TravelBroker.main (TravelBroker.java:18)
    at de.travelbroker.Main.main (Main.java:7)
    at org.codehaus.mojo.exec.ExecJavaMojo$1.run (ExecJavaMojo.java:279)
    at java.lang.Thread.run (Thread.java:1575)
[INFO] ------------------------------------------------------------------------
[INFO] BUILD FAILURE
[INFO] ------------------------------------------------------------------------
[INFO] Total time:  0.133 s
[INFO] Finished at: 2025-04-02T18:45:48+02:00
[INFO] ------------------------------------------------------------------------
[ERROR] Failed to execute goal org.codehaus.mojo:exec-maven-plugin:3.1.0:java (default-cli) on project travel-broker-saga: An exception occurred while executing the Java class. Errno 48 -> [Help 1]
[ERROR] 
[ERROR] To see the full stack trace of the errors, re-run Maven with the -e switch.
[ERROR] Re-run Maven using the -X switch to enable full debug logging.
[ERROR] 
[ERROR] For more information about the errors and possible solutions, please read the following articles:
[ERROR] [Help 1] http://cwiki.apache.org/confluence/display/MAVEN/MojoExecutionException
